<?xml version="1.0" encoding="UTF-8"?>
<!-- Generated by org.testng.reporters.JUnitReportReporter -->
<testsuite hostname="DESKTOP-M7LL3OH" failures="0" tests="2" name="Tests.AddProductToWishlistTest" time="5.813" errors="0" timestamp="2022-12-22T09:58:27 EET" skipped="0">
  <testcase classname="Tests.AddProductToWishlistTest" name="UserCanSearchProduct" time="4.737"/>
  <system-out/>
  <testcase classname="Tests.AddProductToWishlistTest" name="UserCanAddAndRemoveProductToWishlist" time="1.076"/>
  <system-out/>
</testsuite> <!-- Tests.AddProductToWishlistTest -->
