<?xml version="1.0" encoding="UTF-8"?>
<!-- Generated by org.testng.reporters.JUnitReportReporter -->
<testsuite hostname="DESKTOP-M7LL3OH" failures="0" tests="3" name="Tests.UserRegistrationTest" time="5.917" errors="0" timestamp="2022-11-27T17:32:51 EET" skipped="0">
  <testcase classname="Tests.UserRegistrationTest" name="BRegisteredUserCanLogout" time="1.094"/>
  <system-out/>
  <testcase classname="Tests.UserRegistrationTest" name="CRegisteredUserCanLogin" time="1.040"/>
  <system-out/>
  <testcase classname="Tests.UserRegistrationTest" name="AUserCanRegisterSuccessfully" time="3.783"/>
  <system-out/>
</testsuite> <!-- Tests.UserRegistrationTest -->
