<?xml version="1.0" encoding="UTF-8"?>
<!-- Generated by org.testng.reporters.JUnitReportReporter -->
<testsuite hostname="DESKTOP-M7LL3OH" failures="0" tests="1" name="Tests.LoginPageTest" time="0.780" errors="0" timestamp="2022-11-27T13:37:14 EET" skipped="0">
  <testcase classname="Tests.LoginPageTest" name="UserCanLoginSuccessfully" time="0.780"/>
  <system-out/>
</testsuite> <!-- Tests.LoginPageTest -->
