<?xml version="1.0" encoding="UTF-8"?>
<!-- Generated by org.testng.reporters.JUnitReportReporter -->
<testsuite hostname="DESKTOP-M7LL3OH" failures="0" tests="2" name="Tests.ChangeCurrencyTest" time="3.810" errors="0" timestamp="2022-12-20T12:44:47 EET" skipped="0">
  <testcase classname="Tests.ChangeCurrencyTest" name="UserCanSearchProduct" time="2.054"/>
  <system-out/>
  <testcase classname="Tests.ChangeCurrencyTest" name="UserCanChangeCurrency" time="1.756"/>
  <system-out/>
</testsuite> <!-- Tests.ChangeCurrencyTest -->
