<?xml version="1.0" encoding="UTF-8"?>
<!-- Generated by org.testng.reporters.JUnitReportReporter -->
<testsuite hostname="DESKTOP-M7LL3OH" failures="0" tests="3" name="Tests.AddProductToCompareTest" time="9.833" errors="0" timestamp="2022-12-22T12:44:58 EET" skipped="0">
  <testcase classname="Tests.AddProductToCompareTest" name="UserCanSearchProduct" time="3.105"/>
  <system-out/>
  <testcase classname="Tests.AddProductToCompareTest" name="UserCanCompareItems" time="5.802"/>
  <system-out/>
  <testcase classname="Tests.AddProductToCompareTest" name="UserCanRemoveItemsFromCopmarePage" time="0.926"/>
  <system-out/>
</testsuite> <!-- Tests.AddProductToCompareTest -->
