<?xml version="1.0" encoding="UTF-8"?>
<!-- Generated by org.testng.reporters.JUnitReportReporter -->
<testsuite hostname="DESKTOP-M7LL3OH" failures="0" tests="3" name="Tests.EmailFriendTest" time="7.513" errors="0" timestamp="2022-12-19T17:25:36 EET" skipped="0">
  <testcase classname="Tests.EmailFriendTest" name="AUserCanRegisterSuccessfully" time="2.954"/>
  <system-out/>
  <testcase classname="Tests.EmailFriendTest" name="BUserCanSearchProduct" time="3.720"/>
  <system-out/>
  <testcase classname="Tests.EmailFriendTest" name="DRegisteredUserCanLogout" time="0.839"/>
  <system-out/>
</testsuite> <!-- Tests.EmailFriendTest -->
