<?xml version="1.0" encoding="UTF-8"?>
<!-- Generated by org.testng.reporters.JUnitReportReporter -->
<testsuite hostname="DESKTOP-M7LL3OH" failures="0" tests="2" name="Tests.AddProductToShoppingCartTest" time="7.497" errors="0" timestamp="2022-12-22T13:13:18 EET" skipped="0">
  <testcase classname="Tests.AddProductToShoppingCartTest" name="UserCanSearchProduct" time="4.792"/>
  <system-out/>
  <testcase classname="Tests.AddProductToShoppingCartTest" name="UserCanAdditemToShoppingCart" time="2.705"/>
  <system-out/>
</testsuite> <!-- Tests.AddProductToShoppingCartTest -->
