<?xml version="1.0" encoding="UTF-8"?>
<!-- Generated by org.testng.reporters.JUnitReportReporter -->
<testsuite hostname="DESKTOP-M7LL3OH" failures="0" tests="1" name="Tests.ProductHoverMenuTest" time="1.962" errors="0" timestamp="2022-12-21T12:48:59 EET" skipped="0">
  <testcase classname="Tests.ProductHoverMenuTest" name="UserCanSelectSubcategoryFromMainMenu" time="1.962"/>
  <system-out/>
</testsuite> <!-- Tests.ProductHoverMenuTest -->
