<?xml version="1.0" encoding="UTF-8"?>
<!-- Generated by org.testng.reporters.JUnitReportReporter -->
<testsuite hostname="DESKTOP-M7LL3OH" failures="0" tests="1" name="Tests.ContactUsTest" time="2.519" errors="0" timestamp="2022-12-19T14:18:09 EET" skipped="0">
  <testcase classname="Tests.ContactUsTest" name="UserCanContactUs" time="2.519"/>
  <system-out/>
</testsuite> <!-- Tests.ContactUsTest -->
