<?xml version="1.0" encoding="UTF-8"?>
<!-- Generated by org.testng.reporters.JUnitReportReporter -->
<testsuite hostname="DESKTOP-M7LL3OH" failures="0" tests="3" name="Tests.EmailFriendTest" time="8.027" errors="0" timestamp="2022-12-21T15:56:44 EET" skipped="0">
  <testcase classname="Tests.EmailFriendTest" name="UserCanRegisterSuccessfully" time="3.277"/>
  <system-out/>
  <testcase classname="Tests.EmailFriendTest" name="UserCanSearchProduct" time="4.154"/>
  <system-out/>
  <testcase classname="Tests.EmailFriendTest" name="RegisterUserCanSendProductToFriend" time="0.596"/>
  <system-out/>
</testsuite> <!-- Tests.EmailFriendTest -->
