<?xml version="1.0" encoding="UTF-8"?>
<!-- Generated by org.testng.reporters.JUnitReportReporter -->
<testsuite hostname="DESKTOP-M7LL3OH" failures="0" tests="1" name="Tests.SearchPageTest" time="2.973" errors="0" timestamp="2022-12-19T17:01:11 EET" skipped="0">
  <testcase classname="Tests.SearchPageTest" name="UserCanSearchProduct" time="2.973"/>
  <system-out/>
</testsuite> <!-- Tests.SearchPageTest -->
