<?xml version="1.0" encoding="UTF-8"?>
<!-- Generated by org.testng.reporters.JUnitReportReporter -->
<testsuite hostname="DESKTOP-M7LL3OH" failures="0" tests="4" name="Tests.UserCheckoutProductsTest" time="81.453" errors="0" timestamp="25 Dec 2022 16:32:19 GMT">
  <testcase classname="Tests.UserCheckoutProductsTest" name="UserCanAdditemToShoppingCart" time="8.286"/>
  <testcase classname="Tests.UserCheckoutProductsTest" name="UserCanSearchProduct" time="33.437"/>
  <testcase classname="Tests.UserCheckoutProductsTest" name="userCanMakeCheckout" time="30.315"/>
  <testcase classname="Tests.UserCheckoutProductsTest" name="UserCanRegisterSuccessfully" time="9.415"/>
</testsuite> <!-- Tests.UserCheckoutProductsTest -->
