<?xml version="1.0" encoding="UTF-8"?>
<!-- Generated by org.testng.reporters.JUnitReportReporter -->
<testsuite hostname="DESKTOP-M7LL3OH" failures="0" tests="3" name="Tests.AddProductReviewTest" time="5.457" errors="0" timestamp="2022-12-20T14:24:59 EET" skipped="0">
  <testcase classname="Tests.AddProductReviewTest" name="DRegisteredUserCanLogout" time="0.448"/>
  <system-out/>
  <testcase classname="Tests.AddProductReviewTest" name="BUserCanSearchProduct" time="2.274"/>
  <system-out/>
  <testcase classname="Tests.AddProductReviewTest" name="AUserCanRegisterSuccessfully" time="2.735"/>
  <system-out/>
</testsuite> <!-- Tests.AddProductReviewTest -->
