<?xml version="1.0" encoding="UTF-8"?>
<!-- Generated by org.testng.reporters.JUnitReportReporter -->
<testsuite hostname="DESKTOP-M7LL3OH" failures="0" tests="4" name="Tests.UserCheckoutProductsTest" time="14.076" errors="0" timestamp="2022-12-22T14:56:38 EET" skipped="0">
  <testcase classname="Tests.UserCheckoutProductsTest" name="UserCanRegisterSuccessfully" time="4.113"/>
  <system-out/>
  <testcase classname="Tests.UserCheckoutProductsTest" name="UserCanSearchProduct" time="3.840"/>
  <system-out/>
  <testcase classname="Tests.UserCheckoutProductsTest" name="UserCanAdditemToShoppingCart" time="1.258"/>
  <system-out/>
  <testcase classname="Tests.UserCheckoutProductsTest" name="userCanMakeCheckout" time="4.865"/>
  <system-out/>
</testsuite> <!-- Tests.UserCheckoutProductsTest -->
